<?xml version="1.0" encoding="UTF-8"?>
<!-- Generated by org.testng.reporters.JUnitReportReporter -->
<testsuite skipped="0" hostname="DESKTOP-EUNFVH5" name="Org.CreateOrgTest" tests="1" failures="0" timestamp="16 Mar 2022 17:34:34 GMT" time="0.001" errors="0">
  <testcase name="createOrg" time="0.001" classname="Org.CreateOrgTest"/>
</testsuite> <!-- Org.CreateOrgTest -->
