<?xml version="1.0" encoding="UTF-8"?>
<!-- Generated by org.testng.reporters.JUnitReportReporter -->
<testsuite skipped="0" hostname="DESKTOP-EUNFVH5" name="Contacts.CreateContactTest" tests="1" failures="0" timestamp="16 Mar 2022 17:34:34 GMT" time="0.002" errors="0">
  <testcase name="createContact" time="0.002" classname="Contacts.CreateContactTest"/>
</testsuite> <!-- Contacts.CreateContactTest -->
