<?xml version="1.0" encoding="UTF-8"?>
<!-- Generated by org.testng.reporters.JUnitReportReporter -->
<testsuite skipped="0" hostname="DESKTOP-EUNFVH5" name="Contacts.ReadDataTest" tests="1" failures="0" timestamp="16 Mar 2022 16:53:30 GMT" time="0.018" errors="0">
  <testcase name="readData" time="0.018" classname="Contacts.ReadDataTest"/>
</testsuite> <!-- Contacts.ReadDataTest -->
